<?xml version="1.0" encoding="UTF-8"?>
<!-- Generated by org.testng.reporters.JUnitXMLReporter -->
<testsuite ignored="0" hostname="sukani" failures="0" tests="3" name="Default test" time="18.401" errors="0" timestamp="21 Aug. 2021 20:24:42 GMT">
  <testcase classname="com.amzn.qa.tests.LoginPageTest" name="LoginPageTitleTest" time="0.018"/>
  <testcase classname="com.amzn.qa.tests.LoginPageTest" name="ValidateImgTest" time="0.08"/>
  <testcase classname="com.amzn.qa.tests.LoginPageTest" name="LogInTest" time="1.115"/>
</testsuite> <!-- Default test -->
