<?xml version="1.0" encoding="UTF-8"?>
<testng-results ignored="0" total="3" passed="3" failed="0" skipped="0">
  <reporter-output>
  </reporter-output>
  <suite started-at="2021-08-21T20:24:23Z" name="Default suite" finished-at="2021-08-21T20:24:42Z" duration-ms="18401">
    <groups>
    </groups>
    <test started-at="2021-08-21T20:24:23Z" name="Default test" finished-at="2021-08-21T20:24:42Z" duration-ms="18401">
      <class name="com.amzn.qa.tests.LoginPageTest">
        <test-method is-config="true" signature="Setup()[pri:0, instance:com.amzn.qa.tests.LoginPageTest@6c0d7c83]" started-at="2021-08-21T20:24:23Z" name="Setup" finished-at="2021-08-21T20:24:28Z" duration-ms="4606" status="PASS">
          <reporter-output>
          </reporter-output>
        </test-method> <!-- Setup -->
        <test-method signature="LoginPageTitleTest()[pri:1, instance:com.amzn.qa.tests.LoginPageTest@6c0d7c83]" started-at="2021-08-21T20:24:28Z" name="LoginPageTitleTest" finished-at="2021-08-21T20:24:28Z" duration-ms="18" status="PASS">
          <reporter-output>
          </reporter-output>
        </test-method> <!-- LoginPageTitleTest -->
        <test-method is-config="true" signature="TearDown()[pri:0, instance:com.amzn.qa.tests.LoginPageTest@6c0d7c83]" started-at="2021-08-21T20:24:28Z" name="TearDown" finished-at="2021-08-21T20:24:29Z" duration-ms="670" status="PASS">
          <reporter-output>
          </reporter-output>
        </test-method> <!-- TearDown -->
        <test-method is-config="true" signature="Setup()[pri:0, instance:com.amzn.qa.tests.LoginPageTest@6c0d7c83]" started-at="2021-08-21T20:24:29Z" name="Setup" finished-at="2021-08-21T20:24:34Z" duration-ms="5251" status="PASS">
          <reporter-output>
          </reporter-output>
        </test-method> <!-- Setup -->
        <test-method signature="ValidateImgTest()[pri:2, instance:com.amzn.qa.tests.LoginPageTest@6c0d7c83]" started-at="2021-08-21T20:24:34Z" name="ValidateImgTest" finished-at="2021-08-21T20:24:34Z" duration-ms="80" status="PASS">
          <reporter-output>
          </reporter-output>
        </test-method> <!-- ValidateImgTest -->
        <test-method is-config="true" signature="TearDown()[pri:0, instance:com.amzn.qa.tests.LoginPageTest@6c0d7c83]" started-at="2021-08-21T20:24:34Z" name="TearDown" finished-at="2021-08-21T20:24:35Z" duration-ms="658" status="PASS">
          <reporter-output>
          </reporter-output>
        </test-method> <!-- TearDown -->
        <test-method is-config="true" signature="Setup()[pri:0, instance:com.amzn.qa.tests.LoginPageTest@6c0d7c83]" started-at="2021-08-21T20:24:35Z" name="Setup" finished-at="2021-08-21T20:24:40Z" duration-ms="5051" status="PASS">
          <reporter-output>
          </reporter-output>
        </test-method> <!-- Setup -->
        <test-method signature="LogInTest()[pri:3, instance:com.amzn.qa.tests.LoginPageTest@6c0d7c83]" started-at="2021-08-21T20:24:40Z" name="LogInTest" finished-at="2021-08-21T20:24:41Z" duration-ms="1115" status="PASS">
          <reporter-output>
          </reporter-output>
        </test-method> <!-- LogInTest -->
        <test-method is-config="true" signature="TearDown()[pri:0, instance:com.amzn.qa.tests.LoginPageTest@6c0d7c83]" started-at="2021-08-21T20:24:41Z" name="TearDown" finished-at="2021-08-21T20:24:42Z" duration-ms="906" status="PASS">
          <reporter-output>
          </reporter-output>
        </test-method> <!-- TearDown -->
      </class> <!-- com.amzn.qa.tests.LoginPageTest -->
    </test> <!-- Default test -->
  </suite> <!-- Default suite -->
</testng-results>
